<?xml version="1.0" encoding="UTF-8"?>
<testsuite xmlns:xsi="http://www.w3.org/2001/XMLSchema-instance" xsi:noNamespaceSchemaLocation="https://maven.apache.org/surefire/maven-surefire-plugin/xsd/surefire-test-report-3.0.xsd" version="3.0" name="com.victorfish9.forum.ForumApplicationTests" time="2.476" tests="1" errors="0" skipped="0" failures="0">
  <properties>
[...]
</properties>
  <testcase name="contextLoads" classname="com.victorfish9.forum.ForumApplicationTests" time="0.327">
    <system-out><![CDATA[15:22:10.671 [main] INFO org.springframework.test.context.support.AnnotationConfigContextLoaderUtils -- Could not detect default configuration classes for test class [com.victorfish9.forum.ForumApplicationTests]: ForumApplicationTests does not declare any static, non-private, non-final, nested classes annotated with @Configuration.
15:22:10.712 [main] INFO org.springframework.boot.test.context.SpringBootTestContextBootstrapper -- Found @SpringBootConfiguration com.victorfish9.forum.ForumApplication for test class com.victorfish9.forum.ForumApplicationTests

  .   ____          _            __ _ _
 /\\ / ___'_ __ _ _(_)_ __  __ _ \ \ \ \
( ( )\___ | '_ | '_| | '_ \/ _` | \ \ \ \
 \\/  ___)| |_)| | | | | || (_| |  ) ) ) )
  '  |____| .__|_| |_|_| |_\__, | / / / /
 =========|_|==============|___/=/_/_/_/
 :: Spring Boot ::                (v3.1.4)

2023-11-22T15:22:10.885+02:00  INFO 17862 --- [           main] c.v.forum.ForumApplicationTests          : Starting ForumApplicationTests using Java 19.0.1 with PID 17862 (started by admin in /Users/admin/Desktop/ForumApp/ForumApp)
2023-11-22T15:22:10.886+02:00  INFO 17862 --- [           main] c.v.forum.ForumApplicationTests          : The following 1 profile is active: "default"
2023-11-22T15:22:11.159+02:00  INFO 17862 --- [           main] .s.d.r.c.RepositoryConfigurationDelegate : Bootstrapping Spring Data JPA repositories in DEFAULT mode.
2023-11-22T15:22:11.193+02:00  INFO 17862 --- [           main] .s.d.r.c.RepositoryConfigurationDelegate : Finished Spring Data repository scanning in 29 ms. Found 2 JPA repository interfaces.
2023-11-22T15:22:11.470+02:00  INFO 17862 --- [           main] o.hibernate.jpa.internal.util.LogHelper  : HHH000204: Processing PersistenceUnitInfo [name: default]
2023-11-22T15:22:11.497+02:00  INFO 17862 --- [           main] org.hibernate.Version                    : HHH000412: Hibernate ORM core version 6.2.9.Final
2023-11-22T15:22:11.499+02:00  INFO 17862 --- [           main] org.hibernate.cfg.Environment            : HHH000406: Using bytecode reflection optimizer
2023-11-22T15:22:11.562+02:00  INFO 17862 --- [           main] o.h.b.i.BytecodeProviderInitiator        : HHH000021: Bytecode provider name : bytebuddy
2023-11-22T15:22:11.624+02:00  INFO 17862 --- [           main] o.s.o.j.p.SpringPersistenceUnitInfo      : No LoadTimeWeaver setup: ignoring JPA class transformer
2023-11-22T15:22:11.632+02:00  INFO 17862 --- [           main] com.zaxxer.hikari.HikariDataSource       : HikariPool-1 - Starting...
2023-11-22T15:22:11.732+02:00  INFO 17862 --- [           main] com.zaxxer.hikari.pool.HikariPool        : HikariPool-1 - Added connection com.mysql.cj.jdbc.ConnectionImpl@46d0f89c
2023-11-22T15:22:11.733+02:00  INFO 17862 --- [           main] com.zaxxer.hikari.HikariDataSource       : HikariPool-1 - Start completed.
2023-11-22T15:22:11.855+02:00  INFO 17862 --- [           main] o.h.b.i.BytecodeProviderInitiator        : HHH000021: Bytecode provider name : bytebuddy
2023-11-22T15:22:12.179+02:00  INFO 17862 --- [           main] o.h.e.t.j.p.i.JtaPlatformInitiator       : HHH000490: Using JtaPlatform implementation: [org.hibernate.engine.transaction.jta.platform.internal.NoJtaPlatform]
2023-11-22T15:22:12.205+02:00  INFO 17862 --- [           main] j.LocalContainerEntityManagerFactoryBean : Initialized JPA EntityManagerFactory for persistence unit 'default'
2023-11-22T15:22:12.399+02:00  WARN 17862 --- [           main] JpaBaseConfiguration$JpaWebConfiguration : spring.jpa.open-in-view is enabled by default. Therefore, database queries may be performed during view rendering. Explicitly configure spring.jpa.open-in-view to disable this warning
2023-11-22T15:22:12.564+02:00  INFO 17862 --- [           main] o.s.s.web.DefaultSecurityFilterChain     : Will secure any request with [org.springframework.security.web.session.DisableEncodeUrlFilter@325236f5, org.springframework.security.web.context.request.async.WebAsyncManagerIntegrationFilter@32eb38e5, org.springframework.security.web.context.SecurityContextHolderFilter@37dc7661, org.springframework.security.web.header.HeaderWriterFilter@1771d6a5, org.springframework.web.filter.CorsFilter@73633230, org.springframework.security.web.csrf.CsrfFilter@750b200b, org.springframework.security.web.authentication.logout.LogoutFilter@6addfa22, org.springframework.security.web.authentication.UsernamePasswordAuthenticationFilter@7ca7bddd, org.springframework.security.web.savedrequest.RequestCacheAwareFilter@3e755d5f, org.springframework.security.web.servletapi.SecurityContextHolderAwareRequestFilter@4202276, org.springframework.security.web.authentication.AnonymousAuthenticationFilter@21539796, org.springframework.security.web.access.ExceptionTranslationFilter@1174e173, org.springframework.security.web.access.intercept.AuthorizationFilter@1372696b]
2023-11-22T15:22:12.734+02:00  INFO 17862 --- [           main] c.v.forum.ForumApplicationTests          : Started ForumApplicationTests in 1.962 seconds (process running for 2.364)
]]></system-out>
  </testcase>
</testsuite>